INFO  04:59:58 Application started. Press Ctrl+C to shut down.
INFO  04:59:58 Application started. Press Ctrl+C to shut down.
INFO  04:59:58 Hosting environment: Development
INFO  04:59:58 Hosting environment: Development
INFO  04:59:58 Content root path: C:\Users\Roushan\Desktop\Project (1)\Project\OurProjectCognizant\ProceedToBuyMicroservice
INFO  04:59:58 Content root path: C:\Users\Roushan\Desktop\Project (1)\Project\OurProjectCognizant\ProceedToBuyMicroservice
WARN  05:00:45 Failed to determine the https port for redirect.
WARN  05:00:45 Failed to determine the https port for redirect.
INFO  05:04:56 Application started. Press Ctrl+C to shut down.
INFO  05:04:56 Application started. Press Ctrl+C to shut down.
INFO  05:04:56 Hosting environment: Development
INFO  05:04:56 Hosting environment: Development
INFO  05:04:57 Content root path: C:\Users\Roushan\Desktop\Project (1)\Project\OurProjectCognizant\ProceedToBuyMicroservice
INFO  05:04:57 Content root path: C:\Users\Roushan\Desktop\Project (1)\Project\OurProjectCognizant\ProceedToBuyMicroservice
WARN  05:11:14 Failed to determine the https port for redirect.
WARN  05:11:14 Failed to determine the https port for redirect.
INFO  05:11:26 Add to Cart method initiated
INFO  05:11:30 Added to Cart
INFO  05:47:00 Application started. Press Ctrl+C to shut down.
INFO  05:47:00 Application started. Press Ctrl+C to shut down.
INFO  05:47:01 Hosting environment: Development
INFO  05:47:01 Hosting environment: Development
INFO  05:47:01 Content root path: C:\Users\Roushan\Desktop\Project (1)\Project\OurProjectCognizant\ProceedToBuyMicroservice
INFO  05:47:01 Content root path: C:\Users\Roushan\Desktop\Project (1)\Project\OurProjectCognizant\ProceedToBuyMicroservice
INFO  06:49:41 Application started. Press Ctrl+C to shut down.
INFO  06:49:41 Application started. Press Ctrl+C to shut down.
INFO  06:49:41 Hosting environment: Development
INFO  06:49:41 Hosting environment: Development
INFO  06:49:41 Content root path: C:\Users\Roushan\Desktop\Project (1)\Project\OurProjectCognizant\ProceedToBuyMicroservice
INFO  06:49:41 Content root path: C:\Users\Roushan\Desktop\Project (1)\Project\OurProjectCognizant\ProceedToBuyMicroservice
WARN  07:15:24 Failed to determine the https port for redirect.
WARN  07:15:24 Failed to determine the https port for redirect.
INFO  07:15:25 Add to Cart method initiated
INFO  07:15:26 Item Added to Cart
INFO  07:15:26 Added to Cart
INFO  07:18:10 Add to Cart method initiated
INFO  07:18:10 Added to Cart
INFO  07:18:28 Add to WishList method initiated
INFO  07:18:28 Add To Wishlist Provider called
INFO  07:18:28 Item Added to Wishlist
